Removed Pin From Net: NetName=+3V3 Pin=D1-1
Removed Pin From Net: NetName=LED_5V Pin=D20-1
Removed Pin From Net: NetName=GND Pin=D20-2
Removed Pin From Net: NetName=LED_3V3 Pin=D21-1
Removed Pin From Net: NetName=GND Pin=D21-2
Added Component: Designator=L?(LED-1206-Red)
Add component (AddParameter): Name = "Chung_Loai"; Value = "Dán"; VariantName = "[No Variations]"
Add component (AddParameter): Name = "Don_Vi"; Value = "Con"; VariantName = "[No Variations]"
Add component (AddParameter): Name = "Ghi_Chu"; Value = ""; VariantName = "[No Variations]"
Add component (AddParameter): Name = "Kieu_Chan"; Value = ""; VariantName = "[No Variations]"
Add component (AddParameter): Name = "Ma_Hang"; Value = "MH002334"; VariantName = "[No Variations]"
Add component (AddParameter): Name = "Ten_Linh_Kien"; Value = "LED1206 Màu Ð? (Red)"; VariantName = "[No Variations]"
Added Component: Designator=L?(LED-1206-Green)
Add component (AddParameter): Name = "Chung_Loai"; Value = "Dán"; VariantName = "[No Variations]"
Add component (AddParameter): Name = "Don_Vi"; Value = "Con"; VariantName = "[No Variations]"
Add component (AddParameter): Name = "Ghi_Chu"; Value = ""; VariantName = "[No Variations]"
Add component (AddParameter): Name = "Kieu_Chan"; Value = ""; VariantName = "[No Variations]"
Add component (AddParameter): Name = "Ma_Hang"; Value = "MH002947"; VariantName = "[No Variations]"
Add component (AddParameter): Name = "Ten_Linh_Kien"; Value = "LED1206 Màu Xanh Lá (Green)"; VariantName = "[No Variations]"
Added Component: Designator=L?(LED-1206-Red)
Add component (AddParameter): Name = "Chung_Loai"; Value = "Dán"; VariantName = "[No Variations]"
Add component (AddParameter): Name = "Don_Vi"; Value = "Con"; VariantName = "[No Variations]"
Add component (AddParameter): Name = "Ghi_Chu"; Value = ""; VariantName = "[No Variations]"
Add component (AddParameter): Name = "Kieu_Chan"; Value = ""; VariantName = "[No Variations]"
Add component (AddParameter): Name = "Ma_Hang"; Value = "MH002334"; VariantName = "[No Variations]"
Add component (AddParameter): Name = "Ten_Linh_Kien"; Value = "LED1206 Màu Ð? (Red)"; VariantName = "[No Variations]"
Added Pin To Net: NetName=+3V3 Pin=L?-1
Added Pin To Net: NetName=LED_3V3 Pin=L?-1
Added Pin To Net: NetName=LED_5V Pin=L?-1
Added Pin To Net: NetName=GND Pin=L?-2
Added Pin To Net: NetName=GND Pin=L?-2
Added Pin To Net: NetName=NetL?_2 Pin=L?-2
Added Pin To Net: NetName=NetL?_2 Pin=R3-2
Added Net: Name=NetL?_2
